<?xml version="1.0" encoding="UTF-8"?>
<testng-results skipped="0" failed="0" ignored="0" total="1" passed="1">
  <reporter-output>
  </reporter-output>
  <suite name="Default suite" duration-ms="12901" started-at="2018-04-14T04:22:47Z" finished-at="2018-04-14T04:22:59Z">
    <groups>
    </groups>
    <test name="Default test" duration-ms="12901" started-at="2018-04-14T04:22:47Z" finished-at="2018-04-14T04:22:59Z">
      <class name="Trial">
        <test-method status="PASS" signature="trial()[pri:0, instance:Trial@87f383f]" name="trial" duration-ms="12883" started-at="2018-04-14T04:22:47Z" finished-at="2018-04-14T04:22:59Z">
          <reporter-output>
          </reporter-output>
        </test-method> <!-- trial -->
      </class> <!-- Trial -->
    </test> <!-- Default test -->
  </suite> <!-- Default suite -->
</testng-results>
